<?xml version="1.0" encoding="UTF-8"?>
<!-- Generated by org.testng.reporters.JUnitReportReporter -->
<testsuite skipped="0" hostname="LAPTOP-AKHP4F57" name="Test.Test1" tests="1" failures="0" timestamp="04 Sep 2022 21:56:21 GMT" time="2.588" errors="0">
  <testcase name="userWillBeAbleToBrowse" time="2.588" classname="Test.Test1"/>
</testsuite> <!-- Test.Test1 -->
